<?xml version="1.0" encoding="UTF-8"?>
<!-- Generated by org.testng.reporters.JUnitXMLReporter -->
<testsuite ignored="0" hostname="Robika" failures="0" tests="5" name="Test" time="55.046" errors="0" timestamp="2025-07-18T07:59:21 IST">
  <testcase classname="com.sonar.cubes.test.smoke.TestGenericFunction" name="test" time="1.774"/>
  <testcase classname="com.sonar.cubes.test.smoke.TestLoginUS001" name="enterName" time="26.96"/>
  <testcase classname="com.sonar.cubes.test.smoke.TestLoginUS001" name="loginTest" time="0.412"/>
  <testcase classname="com.sonar.cubes.test.smoke.TestLoginUS001" name="validateCreateNewAccount" time="2.042"/>
  <testcase classname="com.sonar.cubes.test.smoke.TestLoginUS001" name="validateUsernameText" time="0.053"/>
</testsuite> <!-- Test -->
